<?xml version="1.0" encoding="UTF-8"?>
<!-- Generated by org.testng.reporters.JUnitReportReporter -->
<testsuite hostname="DESKTOP-3TVFKPJ" failures="0" tests="4" name="Sudo.Thread_pool_with_invocation" time="39.755" errors="0" timestamp="2022-12-23T11:27:02 IST" skipped="0">
  <testcase classname="Sudo.Thread_pool_with_invocation" name="m1" time="9.082"/>
  <system-out/>
  <testcase classname="Sudo.Thread_pool_with_invocation" name="m1" time="10.789"/>
  <system-out/>
  <testcase classname="Sudo.Thread_pool_with_invocation" name="m1" time="10.642"/>
  <system-out/>
  <testcase classname="Sudo.Thread_pool_with_invocation" name="m1" time="9.242"/>
  <system-out/>
</testsuite> <!-- Sudo.Thread_pool_with_invocation -->
