<?xml version="1.0" encoding="UTF-8"?>
<!-- Generated by org.testng.reporters.JUnitReportReporter -->
<testsuite hostname="DESKTOP-3TVFKPJ" failures="0" tests="1" name="Sudo.InvocationCount_to_print_the_same_test_multiple_times" time="24.770" errors="0" timestamp="2023-01-17T00:04:51 IST" skipped="0">
  <testcase classname="Sudo.InvocationCount_to_print_the_same_test_multiple_times" name="m1" time="24.770"/>
  <system-out/>
</testsuite> <!-- Sudo.InvocationCount_to_print_the_same_test_multiple_times -->
