<?xml version="1.0" encoding="UTF-8"?>
<!-- Generated by org.testng.reporters.JUnitReportReporter -->
<testsuite hostname="DESKTOP-3TVFKPJ" failures="0" tests="1" name="Sudo.InvocationCount_to_print_the_same_test_multiple_times" time="24.580" errors="0" timestamp="2022-12-23T11:08:27 IST" skipped="0">
  <testcase classname="Sudo.InvocationCount_to_print_the_same_test_multiple_times" name="m1" time="24.580"/>
  <system-out/>
</testsuite> <!-- Sudo.InvocationCount_to_print_the_same_test_multiple_times -->
