<?xml version="1.0" encoding="UTF-8"?>
<!-- Generated by org.testng.reporters.JUnitReportReporter -->
<testsuite hostname="DESKTOP-3TVFKPJ" failures="0" tests="1" name="POM.GmailLoginTest" time="3.137" errors="0" timestamp="2022-11-14T19:57:30 IST" skipped="0">
  <testcase classname="POM.GmailLoginTest" name="init" time="3.137"/>
  <system-out/>
</testsuite> <!-- POM.GmailLoginTest -->
