<?xml version="1.0" encoding="UTF-8"?>
<!-- Generated by org.testng.reporters.JUnitReportReporter -->
<testsuite hostname="DESKTOP-3TVFKPJ" failures="0" tests="2" name="TestNG_parallel.class4" time="0.008" errors="0" timestamp="2023-02-18T17:21:37 IST" skipped="0">
  <testcase classname="TestNG_parallel.class4" name="test_method10" time="0.004"/>
  <system-out/>
  <testcase classname="TestNG_parallel.class4" name="test_method9" time="0.004"/>
  <system-out/>
</testsuite> <!-- TestNG_parallel.class4 -->
