<?xml version="1.0" encoding="UTF-8"?>
<!-- Generated by org.testng.reporters.JUnitReportReporter -->
<testsuite hostname="DESKTOP-3TVFKPJ" failures="0" tests="3" name="Sudo.Extent_report" time="16.148" errors="0" timestamp="2022-11-20T11:06:46 IST" skipped="0">
  <testcase classname="Sudo.Extent_report" name="TitleTest" time="4.536"/>
  <system-out/>
  <testcase classname="Sudo.Extent_report" name="LoginTest" time="4.996"/>
  <system-out/>
  <testcase classname="Sudo.Extent_report" name="LogoTest" time="6.616"/>
  <system-out/>
</testsuite> <!-- Sudo.Extent_report -->
