<?xml version="1.0" encoding="UTF-8"?>
<!-- Generated by org.testng.reporters.JUnitReportReporter -->
<testsuite hostname="DESKTOP-3TVFKPJ" failures="0" tests="1" name="POM.LoginTest" time="3.266" errors="0" timestamp="2022-11-16T15:16:15 IST" skipped="0">
  <testcase classname="POM.LoginTest" name="init" time="3.266"/>
  <system-out/>
</testsuite> <!-- POM.LoginTest -->
