<?xml version="1.0" encoding="UTF-8"?>
<!-- Generated by org.testng.reporters.JUnitReportReporter -->
<testsuite hostname="DESKTOP-3TVFKPJ" failures="0" tests="1" name="Sudo.Blocking_popups" time="10.930" errors="0" timestamp="2023-01-19T00:02:23 IST" skipped="0">
  <testcase classname="Sudo.Blocking_popups" name="Main" time="10.930"/>
  <system-out/>
</testsuite> <!-- Sudo.Blocking_popups -->
