<?xml version="1.0" encoding="UTF-8"?>
<!-- Generated by org.testng.reporters.JUnitReportReporter -->
<testsuite hostname="DESKTOP-3TVFKPJ" failures="0" tests="3" name="TestNG_parallel.class3" time="0.009" errors="0" timestamp="2023-01-16T23:56:38 IST" skipped="0">
  <testcase classname="TestNG_parallel.class3" name="test_method6" time="0.003"/>
  <system-out/>
  <testcase classname="TestNG_parallel.class3" name="test_method8" time="0.003"/>
  <system-out/>
  <testcase classname="TestNG_parallel.class3" name="test_method7" time="0.003"/>
  <system-out/>
</testsuite> <!-- TestNG_parallel.class3 -->
