<?xml version="1.0" encoding="UTF-8"?>
<!-- Generated by org.testng.reporters.JUnitReportReporter -->
<testsuite hostname="DESKTOP-3TVFKPJ" failures="0" tests="4" name="Sudo.Thread_pool_with_invocation" time="61.994" errors="0" timestamp="2023-01-06T14:16:00 IST" skipped="0">
  <testcase classname="Sudo.Thread_pool_with_invocation" name="m1" time="20.383"/>
  <system-out/>
  <testcase classname="Sudo.Thread_pool_with_invocation" name="m1" time="20.099"/>
  <system-out/>
  <testcase classname="Sudo.Thread_pool_with_invocation" name="m1" time="10.912"/>
  <system-out/>
  <testcase classname="Sudo.Thread_pool_with_invocation" name="m1" time="10.600"/>
  <system-out/>
</testsuite> <!-- Sudo.Thread_pool_with_invocation -->
