<?xml version="1.0" encoding="UTF-8"?>
<!-- Generated by org.testng.reporters.JUnitReportReporter -->
<testsuite hostname="DESKTOP-3TVFKPJ" failures="0" tests="1" name="Sudo.CheckBox" time="8.683" errors="0" timestamp="2022-11-23T13:35:12 IST" skipped="0">
  <testcase classname="Sudo.CheckBox" name="isSelected" time="8.683"/>
  <system-out/>
</testsuite> <!-- Sudo.CheckBox -->
