<?xml version="1.0" encoding="UTF-8"?>
<!-- Generated by org.testng.reporters.JUnitReportReporter -->
<testsuite hostname="DESKTOP-3TVFKPJ" failures="0" tests="2" name="TestNG_parallel.class1" time="0.023" errors="0" timestamp="2022-12-22T23:34:30 IST" skipped="0">
  <testcase classname="TestNG_parallel.class1" name="test_method2" time="0.011"/>
  <system-out/>
  <testcase classname="TestNG_parallel.class1" name="test_method1" time="0.012"/>
  <system-out/>
</testsuite> <!-- TestNG_parallel.class1 -->
