<?xml version="1.0" encoding="UTF-8"?>
<!-- Generated by org.testng.reporters.JUnitReportReporter -->
<testsuite hostname="DESKTOP-3TVFKPJ" failures="0" tests="1" name="Running_the_multiple_test_case_in_TestNG.TC_002" time="0.000" errors="0" timestamp="2023-02-13T09:33:56 IST" skipped="0">
  <testcase classname="Running_the_multiple_test_case_in_TestNG.TC_002" name="t1" time="0.000"/>
  <system-out/>
</testsuite> <!-- Running_the_multiple_test_case_in_TestNG.TC_002 -->
