<?xml version="1.0" encoding="UTF-8"?>
<!-- Generated by org.testng.reporters.JUnitReportReporter -->
<testsuite hostname="DESKTOP-3TVFKPJ" failures="0" tests="3" name="Extent_report" time="19.549" errors="0" timestamp="2022-11-15T19:05:13 IST" skipped="0">
  <testcase classname="Extent_report" name="LoginTest" time="4.216"/>
  <system-out/>
  <testcase classname="Extent_report" name="LogoTest" time="4.849"/>
  <system-out/>
  <testcase classname="Extent_report" name="TitleTest" time="10.484"/>
  <system-out/>
</testsuite> <!-- Extent_report -->
