<?xml version="1.0" encoding="UTF-8"?>
<!-- Generated by org.testng.reporters.JUnitReportReporter -->
<testsuite hostname="DESKTOP-3TVFKPJ" failures="0" tests="3" name="TestNG_parallel.class3" time="0.015" errors="0" timestamp="2023-02-18T17:21:37 IST" skipped="0">
  <testcase classname="TestNG_parallel.class3" name="test_method7" time="0.006"/>
  <system-out/>
  <testcase classname="TestNG_parallel.class3" name="test_method8" time="0.002"/>
  <system-out/>
  <testcase classname="TestNG_parallel.class3" name="test_method6" time="0.007"/>
  <system-out/>
</testsuite> <!-- TestNG_parallel.class3 -->
