<?xml version="1.0" encoding="UTF-8"?>
<!-- Generated by org.testng.reporters.JUnitReportReporter -->
<testsuite hostname="DESKTOP-3TVFKPJ" failures="0" tests="3" name="DataProvider_Class.EmpData" time="0.016" errors="0" timestamp="2022-12-21T15:00:52 IST" skipped="0">
  <testcase classname="DataProvider_Class.EmpData" name="testCaseData" time="0.009"/>
  <system-out/>
  <testcase classname="DataProvider_Class.EmpData" name="testCaseData" time="0.003"/>
  <system-out/>
  <testcase classname="DataProvider_Class.EmpData" name="testCaseData" time="0.004"/>
  <system-out/>
</testsuite> <!-- DataProvider_Class.EmpData -->
