<?xml version="1.0" encoding="UTF-8"?>
<!-- Generated by org.testng.reporters.JUnitReportReporter -->
<testsuite hostname="DESKTOP-3TVFKPJ" failures="0" tests="3" name="TestNG_parallel.class2" time="0.015" errors="0" timestamp="2022-12-22T23:34:30 IST" skipped="0">
  <testcase classname="TestNG_parallel.class2" name="test_method5" time="0.002"/>
  <system-out/>
  <testcase classname="TestNG_parallel.class2" name="test_method4" time="0.006"/>
  <system-out/>
  <testcase classname="TestNG_parallel.class2" name="test_method3" time="0.007"/>
  <system-out/>
</testsuite> <!-- TestNG_parallel.class2 -->
