<?xml version="1.0" encoding="UTF-8"?>
<!-- Generated by org.testng.reporters.JUnitReportReporter -->
<testsuite hostname="DESKTOP-3TVFKPJ" failures="0" tests="2" name="Sudo.pop_up_authontication" time="10.876" errors="0" timestamp="2023-01-03T09:30:41 IST" skipped="0">
  <testcase classname="Sudo.pop_up_authontication" name="withoutAuth" time="3.898"/>
  <system-out/>
  <testcase classname="Sudo.pop_up_authontication" name="withAuth" time="6.978"/>
  <system-out/>
</testsuite> <!-- Sudo.pop_up_authontication -->
