<?xml version="1.0" encoding="UTF-8"?>
<!-- Generated by org.testng.reporters.JUnitReportReporter -->
<testsuite hostname="DESKTOP-3TVFKPJ" failures="0" tests="3" name="TestNG_parallel.class3" time="0.005" errors="0" timestamp="2022-12-22T23:34:30 IST" skipped="0">
  <testcase classname="TestNG_parallel.class3" name="test_method8" time="0.001"/>
  <system-out/>
  <testcase classname="TestNG_parallel.class3" name="test_method6" time="0.003"/>
  <system-out/>
  <testcase classname="TestNG_parallel.class3" name="test_method7" time="0.001"/>
  <system-out/>
</testsuite> <!-- TestNG_parallel.class3 -->
