<?xml version="1.0" encoding="UTF-8"?>
<!-- Generated by org.testng.reporters.JUnitReportReporter -->
<testsuite hostname="DESKTOP-3TVFKPJ" failures="0" tests="2" name="Sudo.get_CSS_properties_AND_fill_the_textBox_without_sendKeys_method" time="17.139" errors="0" timestamp="2023-01-02T13:46:59 IST" skipped="0">
  <testcase classname="Sudo.get_CSS_properties_AND_fill_the_textBox_without_sendKeys_method" name="retriveCSSproperties" time="9.028"/>
  <system-out/>
  <testcase classname="Sudo.get_CSS_properties_AND_fill_the_textBox_without_sendKeys_method" name="type_in_a_textbox_without_using_sendKeys" time="8.111"/>
  <system-out/>
</testsuite> <!-- Sudo.get_CSS_properties_AND_fill_the_textBox_without_sendKeys_method -->
